Building DAG of jobs...
Using shell: /bin/bash
Provided cores: 1 (use --cores to define parallelism)
Rules claiming more threads will be scaled down.
Job stats:
job                      count    min threads    max threads
---------------------  -------  -------------  -------------
syw__main                    1              1              1
syw__preprocess              1              1              1
syw__preprocess_setup        1              1              1
syw__preprocess_xml          1              1              1
total                        4              1              1

Select jobs to execute...

[Sun Jul  6 17:16:13 2025]
Job 3: Preprocess: Setting up...
Reason: Updated input files: src/tex/ms.tex

[Sun Jul  6 17:16:13 2025]
Finished job 3.
1 of 4 steps (25%) done
Select jobs to execute...

[Sun Jul  6 17:16:13 2025]
Job 2: Preprocess: Generating XML tree...
Reason: Missing output files: /Users/belugawhale/Documents/GitHub/discovery-paper/.showyourwork/preprocess/showyourwork.xml; Input files updated by another job: /Users/belugawhale/Documents/GitHub/discovery-paper/.showyourwork/preprocess/listofitems.tex, /Users/belugawhale/Documents/GitHub/discovery-paper/.showyourwork/preprocess/showyourwork.tex, /Users/belugawhale/Documents/GitHub/discovery-paper/.showyourwork/preprocess/showyourwork.otf, /Users/belugawhale/Documents/GitHub/discovery-paper/.showyourwork/preprocess/lineno.sty, /Users/belugawhale/Documents/GitHub/discovery-paper/.showyourwork/preprocess/ms.tex, /Users/belugawhale/Documents/GitHub/discovery-paper/.showyourwork/preprocess, /Users/belugawhale/Documents/GitHub/discovery-paper/.showyourwork/preprocess/showyourwork-logo.pdf, /Users/belugawhale/Documents/GitHub/discovery-paper/.showyourwork/preprocess/xstring.tex, /Users/belugawhale/Documents/GitHub/discovery-paper/.showyourwork/preprocess/showyourwork-stamp.pdf, /Users/belugawhale/Documents/GitHub/discovery-paper/.showyourwork/preprocess/xstring.sty

Activating conda environment: .snakemake/conda/7c2ff5ba64f763081bcd6619fb41c517_
[Sun Jul  6 17:16:15 2025]
Finished job 2.
2 of 4 steps (50%) done
Select jobs to execute...

[Sun Jul  6 17:16:15 2025]
Job 1: Preprocess: Setting up the workflow...
Reason: Missing output files: .showyourwork/config.json; Input files updated by another job: /Users/belugawhale/Documents/GitHub/discovery-paper/.showyourwork/preprocess/showyourwork.xml

[Sun Jul  6 17:16:15 2025]
Finished job 1.
3 of 4 steps (75%) done
Select jobs to execute...

[Sun Jul  6 17:16:15 2025]
localrule syw__main:
    input: .showyourwork/config.json
    jobid: 0
    reason: Input files updated by another job: .showyourwork/config.json
    resources: tmpdir=/var/folders/9s/jb487nv52hs8n0q5ftmb1lk80000gn/T

[Sun Jul  6 17:16:15 2025]
Finished job 0.
4 of 4 steps (100%) done
Complete log: .snakemake/log/2025-07-06T171612.074641.snakemake.log
