Building DAG of jobs...
Using shell: /bin/bash
Provided cores: 1 (use --cores to define parallelism)
Rules claiming more threads will be scaled down.
Job stats:
job                    count    min threads    max threads
-------------------  -------  -------------  -------------
syw__main                  1              1              1
syw__preprocess            1              1              1
syw__preprocess_xml        1              1              1
total                      3              1              1

Select jobs to execute...

[Sun Jul  6 17:12:29 2025]
Job 2: Preprocess: Generating XML tree...
Reason: Missing output files: /Users/belugawhale/Documents/GitHub/discovery-paper/.showyourwork/preprocess/showyourwork.xml

Activating conda environment: .snakemake/conda/7c2ff5ba64f763081bcd6619fb41c517_
[Sun Jul  6 17:12:30 2025]
Error in rule syw__preprocess_xml:
    jobid: 2
    output: /Users/belugawhale/Documents/GitHub/discovery-paper/.showyourwork/preprocess/showyourwork.xml
    conda-env: /Users/belugawhale/Documents/GitHub/discovery-paper/.snakemake/conda/7c2ff5ba64f763081bcd6619fb41c517_
    shell:
        
        cd "/Users/belugawhale/Documents/GitHub/discovery-paper/.showyourwork/preprocess"
        tectonic                      \
            --chatter minimal         \
            --keep-logs               \
            --keep-intermediates      \
            -r 0                      \
                    \
            "/Users/belugawhale/Documents/GitHub/discovery-paper/.showyourwork/preprocess/ms.tex"
        
        (one of the commands exited with non-zero exit code; note that snakemake uses bash strict mode!)

Shutting down, this might take some time.
Exiting because a job execution failed. Look above for error message
Complete log: .snakemake/log/2025-07-06T171227.341821.snakemake.log
